<?xml version="1.0" encoding="UTF-8"?>
<!-- Generated by org.testng.reporters.JUnitXMLReporter -->
<testsuite hostname="DNV" name="Test Runner-1" tests="3" failures="0" timestamp="6 Sep 2019 17:23:56 GMT" time="0.039" errors="0">
  <testcase name="createUserTest" time="0.016" classname="com.actitime.userTest.UserTest"/>
  <testcase name="deleteUserTest" time="0.001" classname="com.actitime.userTest.UserTest"/>
  <testcase name="modifyUserTest" time="0.001" classname="com.actitime.userTest.UserTest"/>
</testsuite> <!-- Test Runner-1 -->
