<?xml version="1.0" encoding="UTF-8"?>
<!-- Generated by org.testng.reporters.JUnitXMLReporter -->
<testsuite hostname="DNV" name="Test Runner-firefox" tests="3" failures="0" timestamp="6 Sep 2019 18:46:24 GMT" time="27.728" errors="0">
  <testcase name="createCustomerTest" time="0.002" classname="com.actitime.customerTest.CustomerTest"/>
  <testcase name="deleteCustomerTest" time="0.0" classname="com.actitime.customerTest.CustomerTest"/>
  <testcase name="modifyCustomerTest" time="0.002" classname="com.actitime.customerTest.CustomerTest"/>
</testsuite> <!-- Test Runner-firefox -->
