<?xml version="1.0" encoding="UTF-8"?>
<!-- Generated by org.testng.reporters.JUnitXMLReporter -->
<testsuite hostname="DNV" name="Test" tests="9" failures="0" timestamp="3 Sep 2019 16:46:55 GMT" time="0.067" errors="0">
  <testcase name="createUserTest" time="0.013" classname="com.actitime.userTest.UserTest"/>
  <testcase name="deleteUserTest" time="0.001" classname="com.actitime.userTest.UserTest"/>
  <testcase name="modifyUserTest" time="0.001" classname="com.actitime.userTest.UserTest"/>
  <testcase name="createReportTest" time="0.001" classname="com.actitime.reportTest.ReportTest"/>
  <testcase name="deleteReportTest" time="0.001" classname="com.actitime.reportTest.ReportTest"/>
  <testcase name="modifyReportTest" time="0.002" classname="com.actitime.reportTest.ReportTest"/>
  <testcase name="createProjectTest" time="0.001" classname="com.actitime.projectTest.ProjectTest"/>
  <testcase name="deleteProjectTest" time="0.002" classname="com.actitime.projectTest.ProjectTest"/>
  <testcase name="modifyProjectTest" time="0.003" classname="com.actitime.projectTest.ProjectTest"/>
</testsuite> <!-- Test -->
