<?xml version="1.0" encoding="UTF-8"?>
<!-- Generated by org.testng.reporters.JUnitXMLReporter -->
<testsuite hostname="DNV" name="Test Runner-2" tests="3" failures="0" timestamp="6 Sep 2019 17:23:56 GMT" time="0.039" errors="0">
  <testcase name="createReportTest" time="0.015" classname="com.actitime.reportTest.ReportTest"/>
  <testcase name="deleteReportTest" time="0.001" classname="com.actitime.reportTest.ReportTest"/>
  <testcase name="modifyReportTest" time="0.001" classname="com.actitime.reportTest.ReportTest"/>
</testsuite> <!-- Test Runner-2 -->
