<?xml version="1.0" encoding="UTF-8"?>
<!-- Generated by org.testng.reporters.JUnitXMLReporter -->
<testsuite hostname="DNV" name="Test Runner-3" tests="3" failures="0" timestamp="6 Sep 2019 17:23:56 GMT" time="0.034" errors="0">
  <testcase name="createProjectTest" time="0.002" classname="com.actitime.projectTest.ProjectTest"/>
  <testcase name="deleteProjectTest" time="0.002" classname="com.actitime.projectTest.ProjectTest"/>
  <testcase name="modifyProjectTest" time="0.002" classname="com.actitime.projectTest.ProjectTest"/>
</testsuite> <!-- Test Runner-3 -->
