<?xml version="1.0" encoding="UTF-8"?>
<!-- Generated by org.testng.reporters.JUnitXMLReporter -->
<testsuite hostname="DNV" name="Default test" tests="5" failures="0" timestamp="14 Sep 2019 14:05:13 GMT" time="28.211" errors="0">
  <testcase name="CreateCustomerwithDesc" time="3.764" classname="com.actitime.customerTest.CreateCustomerTest"/>
  <testcase name="createCustomerTest" time="2.634" classname="com.actitime.customerTest.CreateCustomerTest"/>
  <testcase name="createUserTest" time="0.001" classname="com.actitime.userTest.UserTest"/>
  <testcase name="deleteUserTest" time="0.001" classname="com.actitime.userTest.UserTest"/>
  <testcase name="modifyUserTest" time="0.002" classname="com.actitime.userTest.UserTest"/>
</testsuite> <!-- Default test -->
